2024-02-01T16:36:37.286+05:30  INFO 24060 --- [main] c.h.s.SpringRestJpaApplication           : Starting SpringRestJpaApplication using Java 17.0.9 with PID 24060 (D:\Java STS Workspace\spring-rest-jpa\target\classes started by harsh in D:\Java STS Workspace\spring-rest-jpa)
2024-02-01T16:36:37.291+05:30  INFO 24060 --- [main] c.h.s.SpringRestJpaApplication           : No active profile set, falling back to 1 default profile: "default"
2024-02-01T16:36:38.410+05:30  INFO 24060 --- [main] .s.d.r.c.RepositoryConfigurationDelegate : Bootstrapping Spring Data JPA repositories in DEFAULT mode.
2024-02-01T16:36:38.496+05:30  INFO 24060 --- [main] .s.d.r.c.RepositoryConfigurationDelegate : Finished Spring Data repository scanning in 74 ms. Found 1 JPA repository interface.
2024-02-01T16:36:39.236+05:30  INFO 24060 --- [main] o.s.b.w.embedded.tomcat.TomcatWebServer  : Tomcat initialized with port(s): 8080 (http)
2024-02-01T16:36:39.250+05:30  INFO 24060 --- [main] o.apache.catalina.core.StandardService   : Starting service [Tomcat]
2024-02-01T16:36:39.251+05:30  INFO 24060 --- [main] o.apache.catalina.core.StandardEngine    : Starting Servlet engine: [Apache Tomcat/10.1.18]
2024-02-01T16:36:39.437+05:30  INFO 24060 --- [main] o.a.c.c.C.[Tomcat].[localhost].[/]       : Initializing Spring embedded WebApplicationContext
2024-02-01T16:36:39.438+05:30  INFO 24060 --- [main] w.s.c.ServletWebServerApplicationContext : Root WebApplicationContext: initialization completed in 2066 ms
2024-02-01T16:36:39.630+05:30  INFO 24060 --- [main] o.hibernate.jpa.internal.util.LogHelper  : HHH000204: Processing PersistenceUnitInfo [name: default]
2024-02-01T16:36:39.711+05:30  INFO 24060 --- [main] org.hibernate.Version                    : HHH000412: Hibernate ORM core version 6.2.20.Final
2024-02-01T16:36:39.715+05:30  INFO 24060 --- [main] org.hibernate.cfg.Environment            : HHH000406: Using bytecode reflection optimizer
2024-02-01T16:36:40.108+05:30  INFO 24060 --- [main] o.s.o.j.p.SpringPersistenceUnitInfo      : No LoadTimeWeaver setup: ignoring JPA class transformer
2024-02-01T16:36:40.150+05:30  INFO 24060 --- [main] com.zaxxer.hikari.HikariDataSource       : HikariPool-1 - Starting...
2024-02-01T16:36:40.637+05:30  INFO 24060 --- [main] com.zaxxer.hikari.pool.HikariPool        : HikariPool-1 - Added connection com.mysql.cj.jdbc.ConnectionImpl@165aa43a
2024-02-01T16:36:40.640+05:30  INFO 24060 --- [main] com.zaxxer.hikari.HikariDataSource       : HikariPool-1 - Start completed.
2024-02-01T16:36:42.012+05:30  INFO 24060 --- [main] o.h.e.t.j.p.i.JtaPlatformInitiator       : HHH000489: No JTA platform available (set 'hibernate.transaction.jta.platform' to enable JTA platform integration)
2024-02-01T16:36:42.099+05:30  INFO 24060 --- [main] j.LocalContainerEntityManagerFactoryBean : Initialized JPA EntityManagerFactory for persistence unit 'default'
2024-02-01T16:36:42.442+05:30  INFO 24060 --- [main] o.s.d.j.r.query.QueryEnhancerFactory     : Hibernate is in classpath; If applicable, HQL parser will be used.
2024-02-01T16:36:43.220+05:30  WARN 24060 --- [main] JpaBaseConfiguration$JpaWebConfiguration : spring.jpa.open-in-view is enabled by default. Therefore, database queries may be performed during view rendering. Explicitly configure spring.jpa.open-in-view to disable this warning
2024-02-01T16:36:44.475+05:30  INFO 24060 --- [main] o.s.b.w.embedded.tomcat.TomcatWebServer  : Tomcat started on port(s): 8080 (http) with context path ''
2024-02-01T16:36:44.490+05:30  INFO 24060 --- [main] c.h.s.SpringRestJpaApplication           : Started SpringRestJpaApplication in 7.929 seconds (process running for 9.293)
2024-02-01T16:36:56.930+05:30  INFO 24060 --- [http-nio-8080-exec-1] o.a.c.c.C.[Tomcat].[localhost].[/]       : Initializing Spring DispatcherServlet 'dispatcherServlet'
2024-02-01T16:36:56.930+05:30  INFO 24060 --- [http-nio-8080-exec-1] o.s.web.servlet.DispatcherServlet        : Initializing Servlet 'dispatcherServlet'
2024-02-01T16:36:56.933+05:30  INFO 24060 --- [http-nio-8080-exec-1] o.s.web.servlet.DispatcherServlet        : Completed initialization in 2 ms
2024-02-01T16:36:57.135+05:30  WARN 24060 --- [http-nio-8080-exec-1] c.h.s.r.EmployeeRestController           : EmployeeRestController executing
2024-02-01T16:36:57.135+05:30  INFO 24060 --- [http-nio-8080-exec-1] c.h.s.r.EmployeeRestController           : EmployeeRestController executing
2024-02-01T16:48:02.986+05:30  INFO 24060 --- [RMI TCP Connection(20)-127.0.0.1] inMXBeanRegistrar$SpringApplicationAdmin : Application shutdown requested.
2024-02-01T16:48:03.041+05:30  INFO 24060 --- [RMI TCP Connection(20)-127.0.0.1] o.apache.catalina.core.StandardService   : Stopping service [Tomcat]
2024-02-01T16:48:03.045+05:30  INFO 24060 --- [RMI TCP Connection(20)-127.0.0.1] o.a.c.c.C.[Tomcat].[localhost].[/]       : Destroying Spring FrameworkServlet 'dispatcherServlet'
2024-02-01T16:48:03.068+05:30  INFO 24060 --- [RMI TCP Connection(20)-127.0.0.1] j.LocalContainerEntityManagerFactoryBean : Closing JPA EntityManagerFactory for persistence unit 'default'
2024-02-01T16:48:03.075+05:30  INFO 24060 --- [RMI TCP Connection(20)-127.0.0.1] com.zaxxer.hikari.HikariDataSource       : HikariPool-1 - Shutdown initiated...
2024-02-01T16:48:03.094+05:30  INFO 24060 --- [RMI TCP Connection(20)-127.0.0.1] com.zaxxer.hikari.HikariDataSource       : HikariPool-1 - Shutdown completed.
2024-02-01T16:48:05.650+05:30  INFO 26196 --- [main] c.h.s.SpringRestJpaApplication           : Starting SpringRestJpaApplication using Java 17.0.9 with PID 26196 (D:\Java STS Workspace\spring-rest-jpa\target\classes started by harsh in D:\Java STS Workspace\spring-rest-jpa)
2024-02-01T16:48:05.653+05:30  INFO 26196 --- [main] c.h.s.SpringRestJpaApplication           : No active profile set, falling back to 1 default profile: "default"
2024-02-01T16:48:06.500+05:30  INFO 26196 --- [main] .s.d.r.c.RepositoryConfigurationDelegate : Bootstrapping Spring Data JPA repositories in DEFAULT mode.
2024-02-01T16:48:06.570+05:30  INFO 26196 --- [main] .s.d.r.c.RepositoryConfigurationDelegate : Finished Spring Data repository scanning in 62 ms. Found 1 JPA repository interface.
2024-02-01T16:48:07.097+05:30  INFO 26196 --- [main] o.s.b.w.embedded.tomcat.TomcatWebServer  : Tomcat initialized with port(s): 8080 (http)
2024-02-01T16:48:07.107+05:30  INFO 26196 --- [main] o.apache.catalina.core.StandardService   : Starting service [Tomcat]
2024-02-01T16:48:07.108+05:30  INFO 26196 --- [main] o.apache.catalina.core.StandardEngine    : Starting Servlet engine: [Apache Tomcat/10.1.18]
2024-02-01T16:48:07.226+05:30  INFO 26196 --- [main] o.a.c.c.C.[Tomcat].[localhost].[/]       : Initializing Spring embedded WebApplicationContext
2024-02-01T16:48:07.227+05:30  INFO 26196 --- [main] w.s.c.ServletWebServerApplicationContext : Root WebApplicationContext: initialization completed in 1504 ms
2024-02-01T16:48:07.361+05:30  INFO 26196 --- [main] o.hibernate.jpa.internal.util.LogHelper  : HHH000204: Processing PersistenceUnitInfo [name: default]
2024-02-01T16:48:07.414+05:30  INFO 26196 --- [main] org.hibernate.Version                    : HHH000412: Hibernate ORM core version 6.2.20.Final
2024-02-01T16:48:07.416+05:30  INFO 26196 --- [main] org.hibernate.cfg.Environment            : HHH000406: Using bytecode reflection optimizer
2024-02-01T16:48:07.679+05:30  INFO 26196 --- [main] o.s.o.j.p.SpringPersistenceUnitInfo      : No LoadTimeWeaver setup: ignoring JPA class transformer
2024-02-01T16:48:07.706+05:30  INFO 26196 --- [main] com.zaxxer.hikari.HikariDataSource       : HikariPool-1 - Starting...
2024-02-01T16:48:08.051+05:30  INFO 26196 --- [main] com.zaxxer.hikari.pool.HikariPool        : HikariPool-1 - Added connection com.mysql.cj.jdbc.ConnectionImpl@9bf63d2
2024-02-01T16:48:08.054+05:30  INFO 26196 --- [main] com.zaxxer.hikari.HikariDataSource       : HikariPool-1 - Start completed.
2024-02-01T16:48:09.033+05:30  INFO 26196 --- [main] o.h.e.t.j.p.i.JtaPlatformInitiator       : HHH000489: No JTA platform available (set 'hibernate.transaction.jta.platform' to enable JTA platform integration)
2024-02-01T16:48:09.085+05:30  INFO 26196 --- [main] j.LocalContainerEntityManagerFactoryBean : Initialized JPA EntityManagerFactory for persistence unit 'default'
2024-02-01T16:48:09.332+05:30  INFO 26196 --- [main] o.s.d.j.r.query.QueryEnhancerFactory     : Hibernate is in classpath; If applicable, HQL parser will be used.
2024-02-01T16:48:09.853+05:30  WARN 26196 --- [main] JpaBaseConfiguration$JpaWebConfiguration : spring.jpa.open-in-view is enabled by default. Therefore, database queries may be performed during view rendering. Explicitly configure spring.jpa.open-in-view to disable this warning
2024-02-01T16:48:10.697+05:30  INFO 26196 --- [main] o.s.b.w.embedded.tomcat.TomcatWebServer  : Tomcat started on port(s): 8080 (http) with context path ''
2024-02-01T16:48:10.707+05:30  INFO 26196 --- [main] c.h.s.SpringRestJpaApplication           : Started SpringRestJpaApplication in 5.599 seconds (process running for 6.466)
2024-02-01T16:48:14.326+05:30  INFO 26196 --- [http-nio-8080-exec-1] o.a.c.c.C.[Tomcat].[localhost].[/]       : Initializing Spring DispatcherServlet 'dispatcherServlet'
2024-02-01T16:48:14.326+05:30  INFO 26196 --- [http-nio-8080-exec-1] o.s.web.servlet.DispatcherServlet        : Initializing Servlet 'dispatcherServlet'
2024-02-01T16:48:14.327+05:30  INFO 26196 --- [http-nio-8080-exec-1] o.s.web.servlet.DispatcherServlet        : Completed initialization in 1 ms
2024-02-01T16:48:14.376+05:30  INFO 26196 --- [http-nio-8080-exec-1] c.h.s.service.EmployeeServiceImp         : inside service getbyid executing
2024-02-01T16:48:14.461+05:30  WARN 26196 --- [http-nio-8080-exec-1] c.h.s.r.EmployeeRestController           : EmployeeRestController executing
2024-02-01T16:48:14.462+05:30  INFO 26196 --- [http-nio-8080-exec-1] c.h.s.r.EmployeeRestController           : EmployeeRestController executing
2024-02-01T18:25:16.124+05:30  INFO 26196 --- [RMI TCP Connection(106)-127.0.0.1] inMXBeanRegistrar$SpringApplicationAdmin : Application shutdown requested.
2024-02-01T18:25:16.216+05:30  INFO 26196 --- [RMI TCP Connection(106)-127.0.0.1] o.apache.catalina.core.StandardService   : Stopping service [Tomcat]
2024-02-01T18:25:16.222+05:30  INFO 26196 --- [RMI TCP Connection(106)-127.0.0.1] o.a.c.c.C.[Tomcat].[localhost].[/]       : Destroying Spring FrameworkServlet 'dispatcherServlet'
2024-02-01T18:25:16.258+05:30  INFO 26196 --- [RMI TCP Connection(106)-127.0.0.1] j.LocalContainerEntityManagerFactoryBean : Closing JPA EntityManagerFactory for persistence unit 'default'
2024-02-01T18:25:16.276+05:30  INFO 26196 --- [RMI TCP Connection(106)-127.0.0.1] com.zaxxer.hikari.HikariDataSource       : HikariPool-1 - Shutdown initiated...
2024-02-01T18:25:16.282+05:30  INFO 26196 --- [RMI TCP Connection(106)-127.0.0.1] com.zaxxer.hikari.HikariDataSource       : HikariPool-1 - Shutdown completed.
