2024-02-01T18:57:37.230+05:30  INFO 27012 --- [main] c.h.s.SpringDataJpaAssignmentApplication : Starting SpringDataJpaAssignmentApplication using Java 17.0.9 with PID 27012 (D:\Java STS Workspace\spring-data-jpa-assignment\target\classes started by harsh in D:\Java STS Workspace\spring-data-jpa-assignment)
2024-02-01T18:57:37.234+05:30  INFO 27012 --- [main] c.h.s.SpringDataJpaAssignmentApplication : No active profile set, falling back to 1 default profile: "default"
2024-02-01T18:57:37.952+05:30  INFO 27012 --- [main] .s.d.r.c.RepositoryConfigurationDelegate : Bootstrapping Spring Data JPA repositories in DEFAULT mode.
2024-02-01T18:57:38.014+05:30  INFO 27012 --- [main] .s.d.r.c.RepositoryConfigurationDelegate : Finished Spring Data repository scanning in 54 ms. Found 1 JPA repository interface.
2024-02-01T18:57:38.501+05:30  INFO 27012 --- [main] o.s.b.w.embedded.tomcat.TomcatWebServer  : Tomcat initialized with port(s): 8080 (http)
2024-02-01T18:57:38.510+05:30  INFO 27012 --- [main] o.apache.catalina.core.StandardService   : Starting service [Tomcat]
2024-02-01T18:57:38.510+05:30  INFO 27012 --- [main] o.apache.catalina.core.StandardEngine    : Starting Servlet engine: [Apache Tomcat/10.1.18]
2024-02-01T18:57:38.617+05:30  INFO 27012 --- [main] o.a.c.c.C.[Tomcat].[localhost].[/]       : Initializing Spring embedded WebApplicationContext
2024-02-01T18:57:38.617+05:30  INFO 27012 --- [main] w.s.c.ServletWebServerApplicationContext : Root WebApplicationContext: initialization completed in 1333 ms
2024-02-01T18:57:38.743+05:30  INFO 27012 --- [main] o.hibernate.jpa.internal.util.LogHelper  : HHH000204: Processing PersistenceUnitInfo [name: default]
2024-02-01T18:57:38.793+05:30  INFO 27012 --- [main] org.hibernate.Version                    : HHH000412: Hibernate ORM core version 6.2.20.Final
2024-02-01T18:57:38.795+05:30  INFO 27012 --- [main] org.hibernate.cfg.Environment            : HHH000406: Using bytecode reflection optimizer
2024-02-01T18:57:39.052+05:30  INFO 27012 --- [main] o.s.o.j.p.SpringPersistenceUnitInfo      : No LoadTimeWeaver setup: ignoring JPA class transformer
2024-02-01T18:57:39.075+05:30  INFO 27012 --- [main] com.zaxxer.hikari.HikariDataSource       : HikariPool-1 - Starting...
2024-02-01T18:57:39.389+05:30  INFO 27012 --- [main] com.zaxxer.hikari.pool.HikariPool        : HikariPool-1 - Added connection com.mysql.cj.jdbc.ConnectionImpl@4a520f05
2024-02-01T18:57:39.391+05:30  INFO 27012 --- [main] com.zaxxer.hikari.HikariDataSource       : HikariPool-1 - Start completed.
2024-02-01T18:57:40.320+05:30  INFO 27012 --- [main] o.h.e.t.j.p.i.JtaPlatformInitiator       : HHH000489: No JTA platform available (set 'hibernate.transaction.jta.platform' to enable JTA platform integration)
2024-02-01T18:57:40.373+05:30  INFO 27012 --- [main] j.LocalContainerEntityManagerFactoryBean : Initialized JPA EntityManagerFactory for persistence unit 'default'
2024-02-01T18:57:40.655+05:30  INFO 27012 --- [main] o.s.d.j.r.query.QueryEnhancerFactory     : Hibernate is in classpath; If applicable, HQL parser will be used.
2024-02-01T18:57:41.079+05:30  WARN 27012 --- [main] JpaBaseConfiguration$JpaWebConfiguration : spring.jpa.open-in-view is enabled by default. Therefore, database queries may be performed during view rendering. Explicitly configure spring.jpa.open-in-view to disable this warning
2024-02-01T18:57:41.768+05:30  INFO 27012 --- [main] o.s.b.w.embedded.tomcat.TomcatWebServer  : Tomcat started on port(s): 8080 (http) with context path ''
2024-02-01T18:57:41.776+05:30  INFO 27012 --- [main] c.h.s.SpringDataJpaAssignmentApplication : Started SpringDataJpaAssignmentApplication in 5.037 seconds (process running for 5.86)
2024-02-01T18:57:48.643+05:30  INFO 27012 --- [http-nio-8080-exec-1] o.a.c.c.C.[Tomcat].[localhost].[/]       : Initializing Spring DispatcherServlet 'dispatcherServlet'
2024-02-01T18:57:48.643+05:30  INFO 27012 --- [http-nio-8080-exec-1] o.s.web.servlet.DispatcherServlet        : Initializing Servlet 'dispatcherServlet'
2024-02-01T18:57:48.646+05:30  INFO 27012 --- [http-nio-8080-exec-1] o.s.web.servlet.DispatcherServlet        : Completed initialization in 2 ms
2024-02-01T18:57:50.476+05:30  INFO 27012 --- [http-nio-8080-exec-4] o.springdoc.api.AbstractOpenApiResource  : Init duration for springdoc-openapi is: 256 ms
2024-02-01T20:01:45.024+05:30  WARN 27012 --- [HikariPool-1 housekeeper] com.zaxxer.hikari.pool.HikariPool        : HikariPool-1 - Thread starvation or clock leap detected (housekeeper delta=52m5s400ms788µs100ns).
2024-02-01T20:03:33.163+05:30  INFO 27012 --- [RMI TCP Connection(24)-127.0.0.1] inMXBeanRegistrar$SpringApplicationAdmin : Application shutdown requested.
2024-02-01T20:03:33.213+05:30  INFO 27012 --- [RMI TCP Connection(24)-127.0.0.1] o.apache.catalina.core.StandardService   : Stopping service [Tomcat]
2024-02-01T20:03:33.217+05:30  INFO 27012 --- [RMI TCP Connection(24)-127.0.0.1] o.a.c.c.C.[Tomcat].[localhost].[/]       : Destroying Spring FrameworkServlet 'dispatcherServlet'
2024-02-01T20:03:33.241+05:30  INFO 27012 --- [RMI TCP Connection(24)-127.0.0.1] j.LocalContainerEntityManagerFactoryBean : Closing JPA EntityManagerFactory for persistence unit 'default'
2024-02-01T20:03:33.247+05:30  INFO 27012 --- [RMI TCP Connection(24)-127.0.0.1] com.zaxxer.hikari.HikariDataSource       : HikariPool-1 - Shutdown initiated...
2024-02-01T20:03:33.265+05:30  INFO 27012 --- [RMI TCP Connection(24)-127.0.0.1] com.zaxxer.hikari.HikariDataSource       : HikariPool-1 - Shutdown completed.
2024-02-01T20:03:35.773+05:30  INFO 10340 --- [main] c.h.s.SpringDataJpaAssignmentApplication : Starting SpringDataJpaAssignmentApplication using Java 17.0.9 with PID 10340 (D:\Java STS Workspace\spring-data-jpa-assignment\target\classes started by harsh in D:\Java STS Workspace\spring-data-jpa-assignment)
2024-02-01T20:03:35.778+05:30  INFO 10340 --- [main] c.h.s.SpringDataJpaAssignmentApplication : No active profile set, falling back to 1 default profile: "default"
2024-02-01T20:03:36.578+05:30  INFO 10340 --- [main] .s.d.r.c.RepositoryConfigurationDelegate : Bootstrapping Spring Data JPA repositories in DEFAULT mode.
2024-02-01T20:03:36.635+05:30  INFO 10340 --- [main] .s.d.r.c.RepositoryConfigurationDelegate : Finished Spring Data repository scanning in 49 ms. Found 1 JPA repository interface.
2024-02-01T20:03:37.136+05:30  INFO 10340 --- [main] o.s.b.w.embedded.tomcat.TomcatWebServer  : Tomcat initialized with port(s): 8080 (http)
2024-02-01T20:03:37.147+05:30  INFO 10340 --- [main] o.apache.catalina.core.StandardService   : Starting service [Tomcat]
2024-02-01T20:03:37.147+05:30  INFO 10340 --- [main] o.apache.catalina.core.StandardEngine    : Starting Servlet engine: [Apache Tomcat/10.1.18]
2024-02-01T20:03:37.255+05:30  INFO 10340 --- [main] o.a.c.c.C.[Tomcat].[localhost].[/]       : Initializing Spring embedded WebApplicationContext
2024-02-01T20:03:37.256+05:30  INFO 10340 --- [main] w.s.c.ServletWebServerApplicationContext : Root WebApplicationContext: initialization completed in 1417 ms
2024-02-01T20:03:37.382+05:30  INFO 10340 --- [main] o.hibernate.jpa.internal.util.LogHelper  : HHH000204: Processing PersistenceUnitInfo [name: default]
2024-02-01T20:03:37.433+05:30  INFO 10340 --- [main] org.hibernate.Version                    : HHH000412: Hibernate ORM core version 6.2.20.Final
2024-02-01T20:03:37.435+05:30  INFO 10340 --- [main] org.hibernate.cfg.Environment            : HHH000406: Using bytecode reflection optimizer
2024-02-01T20:03:37.697+05:30  INFO 10340 --- [main] o.s.o.j.p.SpringPersistenceUnitInfo      : No LoadTimeWeaver setup: ignoring JPA class transformer
2024-02-01T20:03:37.722+05:30  INFO 10340 --- [main] com.zaxxer.hikari.HikariDataSource       : HikariPool-1 - Starting...
2024-02-01T20:03:38.037+05:30  INFO 10340 --- [main] com.zaxxer.hikari.pool.HikariPool        : HikariPool-1 - Added connection com.mysql.cj.jdbc.ConnectionImpl@389a1e34
2024-02-01T20:03:38.039+05:30  INFO 10340 --- [main] com.zaxxer.hikari.HikariDataSource       : HikariPool-1 - Start completed.
2024-02-01T20:03:38.963+05:30  INFO 10340 --- [main] o.h.e.t.j.p.i.JtaPlatformInitiator       : HHH000489: No JTA platform available (set 'hibernate.transaction.jta.platform' to enable JTA platform integration)
2024-02-01T20:03:39.014+05:30  INFO 10340 --- [main] j.LocalContainerEntityManagerFactoryBean : Initialized JPA EntityManagerFactory for persistence unit 'default'
2024-02-01T20:03:39.294+05:30  INFO 10340 --- [main] o.s.d.j.r.query.QueryEnhancerFactory     : Hibernate is in classpath; If applicable, HQL parser will be used.
2024-02-01T20:03:39.708+05:30  WARN 10340 --- [main] JpaBaseConfiguration$JpaWebConfiguration : spring.jpa.open-in-view is enabled by default. Therefore, database queries may be performed during view rendering. Explicitly configure spring.jpa.open-in-view to disable this warning
2024-02-01T20:03:40.425+05:30  INFO 10340 --- [main] o.s.b.w.embedded.tomcat.TomcatWebServer  : Tomcat started on port(s): 8080 (http) with context path ''
2024-02-01T20:03:40.433+05:30  INFO 10340 --- [main] c.h.s.SpringDataJpaAssignmentApplication : Started SpringDataJpaAssignmentApplication in 5.162 seconds (process running for 5.98)
2024-02-01T20:05:58.502+05:30  INFO 4496 --- [main] c.h.s.service.CertificateServiceImpTest  : Starting CertificateServiceImpTest using Java 17.0.9 with PID 4496 (started by harsh in D:\Java STS Workspace\spring-data-jpa-assignment)
2024-02-01T20:05:58.505+05:30  INFO 4496 --- [main] c.h.s.service.CertificateServiceImpTest  : No active profile set, falling back to 1 default profile: "default"
2024-02-01T20:05:59.888+05:30  INFO 4496 --- [main] .s.d.r.c.RepositoryConfigurationDelegate : Bootstrapping Spring Data JPA repositories in DEFAULT mode.
2024-02-01T20:06:00.011+05:30  INFO 4496 --- [main] .s.d.r.c.RepositoryConfigurationDelegate : Finished Spring Data repository scanning in 106 ms. Found 1 JPA repository interface.
2024-02-01T20:06:00.797+05:30  INFO 4496 --- [main] o.hibernate.jpa.internal.util.LogHelper  : HHH000204: Processing PersistenceUnitInfo [name: default]
2024-02-01T20:06:00.915+05:30  INFO 4496 --- [main] org.hibernate.Version                    : HHH000412: Hibernate ORM core version 6.2.20.Final
2024-02-01T20:06:00.918+05:30  INFO 4496 --- [main] org.hibernate.cfg.Environment            : HHH000406: Using bytecode reflection optimizer
2024-02-01T20:06:01.573+05:30  INFO 4496 --- [main] o.s.o.j.p.SpringPersistenceUnitInfo      : No LoadTimeWeaver setup: ignoring JPA class transformer
2024-02-01T20:06:01.633+05:30  INFO 4496 --- [main] com.zaxxer.hikari.HikariDataSource       : HikariPool-1 - Starting...
2024-02-01T20:06:02.224+05:30  INFO 4496 --- [main] com.zaxxer.hikari.pool.HikariPool        : HikariPool-1 - Added connection com.mysql.cj.jdbc.ConnectionImpl@2f07930a
2024-02-01T20:06:02.227+05:30  INFO 4496 --- [main] com.zaxxer.hikari.HikariDataSource       : HikariPool-1 - Start completed.
2024-02-01T20:06:03.748+05:30  INFO 4496 --- [main] o.h.e.t.j.p.i.JtaPlatformInitiator       : HHH000489: No JTA platform available (set 'hibernate.transaction.jta.platform' to enable JTA platform integration)
2024-02-01T20:06:03.816+05:30  INFO 4496 --- [main] j.LocalContainerEntityManagerFactoryBean : Initialized JPA EntityManagerFactory for persistence unit 'default'
2024-02-01T20:06:04.430+05:30  INFO 4496 --- [main] o.s.d.j.r.query.QueryEnhancerFactory     : Hibernate is in classpath; If applicable, HQL parser will be used.
2024-02-01T20:06:05.342+05:30  WARN 4496 --- [main] JpaBaseConfiguration$JpaWebConfiguration : spring.jpa.open-in-view is enabled by default. Therefore, database queries may be performed during view rendering. Explicitly configure spring.jpa.open-in-view to disable this warning
2024-02-01T20:06:06.682+05:30  INFO 4496 --- [main] c.h.s.service.CertificateServiceImpTest  : Started CertificateServiceImpTest in 8.766 seconds (process running for 10.306)
2024-02-01T20:06:08.175+05:30  INFO 4496 --- [SpringApplicationShutdownHook] j.LocalContainerEntityManagerFactoryBean : Closing JPA EntityManagerFactory for persistence unit 'default'
2024-02-01T20:06:08.181+05:30  INFO 4496 --- [SpringApplicationShutdownHook] com.zaxxer.hikari.HikariDataSource       : HikariPool-1 - Shutdown initiated...
2024-02-01T20:06:08.198+05:30  INFO 4496 --- [SpringApplicationShutdownHook] com.zaxxer.hikari.HikariDataSource       : HikariPool-1 - Shutdown completed.
2024-02-01T20:09:07.247+05:30  INFO 13668 --- [main] c.h.s.service.CertificateServiceImpTest  : Starting CertificateServiceImpTest using Java 17.0.9 with PID 13668 (started by harsh in D:\Java STS Workspace\spring-data-jpa-assignment)
2024-02-01T20:09:07.249+05:30  INFO 13668 --- [main] c.h.s.service.CertificateServiceImpTest  : No active profile set, falling back to 1 default profile: "default"
2024-02-01T20:09:08.708+05:30  INFO 13668 --- [main] .s.d.r.c.RepositoryConfigurationDelegate : Bootstrapping Spring Data JPA repositories in DEFAULT mode.
2024-02-01T20:09:08.837+05:30  INFO 13668 --- [main] .s.d.r.c.RepositoryConfigurationDelegate : Finished Spring Data repository scanning in 103 ms. Found 1 JPA repository interface.
2024-02-01T20:09:09.645+05:30  INFO 13668 --- [main] o.hibernate.jpa.internal.util.LogHelper  : HHH000204: Processing PersistenceUnitInfo [name: default]
2024-02-01T20:09:09.781+05:30  INFO 13668 --- [main] org.hibernate.Version                    : HHH000412: Hibernate ORM core version 6.2.20.Final
2024-02-01T20:09:09.787+05:30  INFO 13668 --- [main] org.hibernate.cfg.Environment            : HHH000406: Using bytecode reflection optimizer
2024-02-01T20:09:10.450+05:30  INFO 13668 --- [main] o.s.o.j.p.SpringPersistenceUnitInfo      : No LoadTimeWeaver setup: ignoring JPA class transformer
2024-02-01T20:09:10.514+05:30  INFO 13668 --- [main] com.zaxxer.hikari.HikariDataSource       : HikariPool-1 - Starting...
2024-02-01T20:09:11.193+05:30  INFO 13668 --- [main] com.zaxxer.hikari.pool.HikariPool        : HikariPool-1 - Added connection com.mysql.cj.jdbc.ConnectionImpl@580c17a0
2024-02-01T20:09:11.197+05:30  INFO 13668 --- [main] com.zaxxer.hikari.HikariDataSource       : HikariPool-1 - Start completed.
2024-02-01T20:09:12.846+05:30  INFO 13668 --- [main] o.h.e.t.j.p.i.JtaPlatformInitiator       : HHH000489: No JTA platform available (set 'hibernate.transaction.jta.platform' to enable JTA platform integration)
2024-02-01T20:09:12.913+05:30  INFO 13668 --- [main] j.LocalContainerEntityManagerFactoryBean : Initialized JPA EntityManagerFactory for persistence unit 'default'
2024-02-01T20:09:13.587+05:30  INFO 13668 --- [main] o.s.d.j.r.query.QueryEnhancerFactory     : Hibernate is in classpath; If applicable, HQL parser will be used.
2024-02-01T20:09:14.699+05:30  WARN 13668 --- [main] JpaBaseConfiguration$JpaWebConfiguration : spring.jpa.open-in-view is enabled by default. Therefore, database queries may be performed during view rendering. Explicitly configure spring.jpa.open-in-view to disable this warning
2024-02-01T20:09:16.075+05:30  INFO 13668 --- [main] c.h.s.service.CertificateServiceImpTest  : Started CertificateServiceImpTest in 9.4 seconds (process running for 10.809)
2024-02-01T20:09:17.366+05:30  INFO 13668 --- [SpringApplicationShutdownHook] j.LocalContainerEntityManagerFactoryBean : Closing JPA EntityManagerFactory for persistence unit 'default'
2024-02-01T20:09:17.371+05:30  INFO 13668 --- [SpringApplicationShutdownHook] com.zaxxer.hikari.HikariDataSource       : HikariPool-1 - Shutdown initiated...
2024-02-01T20:09:17.390+05:30  INFO 13668 --- [SpringApplicationShutdownHook] com.zaxxer.hikari.HikariDataSource       : HikariPool-1 - Shutdown completed.
2024-02-01T20:13:08.425+05:30  INFO 19952 --- [main] c.h.s.service.CertificateServiceImpTest  : Starting CertificateServiceImpTest using Java 17.0.9 with PID 19952 (started by harsh in D:\Java STS Workspace\spring-data-jpa-assignment)
2024-02-01T20:13:08.429+05:30  INFO 19952 --- [main] c.h.s.service.CertificateServiceImpTest  : No active profile set, falling back to 1 default profile: "default"
2024-02-01T20:13:10.063+05:30  INFO 19952 --- [main] .s.d.r.c.RepositoryConfigurationDelegate : Bootstrapping Spring Data JPA repositories in DEFAULT mode.
2024-02-01T20:13:10.196+05:30  INFO 19952 --- [main] .s.d.r.c.RepositoryConfigurationDelegate : Finished Spring Data repository scanning in 118 ms. Found 1 JPA repository interface.
2024-02-01T20:13:11.003+05:30  INFO 19952 --- [main] o.hibernate.jpa.internal.util.LogHelper  : HHH000204: Processing PersistenceUnitInfo [name: default]
2024-02-01T20:13:11.140+05:30  INFO 19952 --- [main] org.hibernate.Version                    : HHH000412: Hibernate ORM core version 6.2.20.Final
2024-02-01T20:13:11.146+05:30  INFO 19952 --- [main] org.hibernate.cfg.Environment            : HHH000406: Using bytecode reflection optimizer
2024-02-01T20:13:11.872+05:30  INFO 19952 --- [main] o.s.o.j.p.SpringPersistenceUnitInfo      : No LoadTimeWeaver setup: ignoring JPA class transformer
2024-02-01T20:13:11.928+05:30  INFO 19952 --- [main] com.zaxxer.hikari.HikariDataSource       : HikariPool-1 - Starting...
2024-02-01T20:13:12.697+05:30  INFO 19952 --- [main] com.zaxxer.hikari.pool.HikariPool        : HikariPool-1 - Added connection com.mysql.cj.jdbc.ConnectionImpl@2bc0b8c8
2024-02-01T20:13:12.700+05:30  INFO 19952 --- [main] com.zaxxer.hikari.HikariDataSource       : HikariPool-1 - Start completed.
2024-02-01T20:13:14.254+05:30  INFO 19952 --- [main] o.h.e.t.j.p.i.JtaPlatformInitiator       : HHH000489: No JTA platform available (set 'hibernate.transaction.jta.platform' to enable JTA platform integration)
2024-02-01T20:13:14.316+05:30  INFO 19952 --- [main] j.LocalContainerEntityManagerFactoryBean : Initialized JPA EntityManagerFactory for persistence unit 'default'
2024-02-01T20:13:14.968+05:30  INFO 19952 --- [main] o.s.d.j.r.query.QueryEnhancerFactory     : Hibernate is in classpath; If applicable, HQL parser will be used.
2024-02-01T20:13:15.981+05:30  WARN 19952 --- [main] JpaBaseConfiguration$JpaWebConfiguration : spring.jpa.open-in-view is enabled by default. Therefore, database queries may be performed during view rendering. Explicitly configure spring.jpa.open-in-view to disable this warning
2024-02-01T20:13:17.466+05:30  INFO 19952 --- [main] c.h.s.service.CertificateServiceImpTest  : Started CertificateServiceImpTest in 9.79 seconds (process running for 11.343)
2024-02-01T20:13:18.799+05:30  INFO 19952 --- [SpringApplicationShutdownHook] j.LocalContainerEntityManagerFactoryBean : Closing JPA EntityManagerFactory for persistence unit 'default'
2024-02-01T20:13:18.803+05:30  INFO 19952 --- [SpringApplicationShutdownHook] com.zaxxer.hikari.HikariDataSource       : HikariPool-1 - Shutdown initiated...
2024-02-01T20:13:18.818+05:30  INFO 19952 --- [SpringApplicationShutdownHook] com.zaxxer.hikari.HikariDataSource       : HikariPool-1 - Shutdown completed.
2024-02-01T20:13:33.598+05:30  INFO 24752 --- [main] c.h.s.service.CertificateServiceImpTest  : Starting CertificateServiceImpTest using Java 17.0.9 with PID 24752 (started by harsh in D:\Java STS Workspace\spring-data-jpa-assignment)
2024-02-01T20:13:33.603+05:30  INFO 24752 --- [main] c.h.s.service.CertificateServiceImpTest  : No active profile set, falling back to 1 default profile: "default"
2024-02-01T20:13:35.106+05:30  INFO 24752 --- [main] .s.d.r.c.RepositoryConfigurationDelegate : Bootstrapping Spring Data JPA repositories in DEFAULT mode.
2024-02-01T20:13:35.211+05:30  INFO 24752 --- [main] .s.d.r.c.RepositoryConfigurationDelegate : Finished Spring Data repository scanning in 90 ms. Found 1 JPA repository interface.
2024-02-01T20:13:36.060+05:30  INFO 24752 --- [main] o.hibernate.jpa.internal.util.LogHelper  : HHH000204: Processing PersistenceUnitInfo [name: default]
2024-02-01T20:13:36.210+05:30  INFO 24752 --- [main] org.hibernate.Version                    : HHH000412: Hibernate ORM core version 6.2.20.Final
2024-02-01T20:13:36.213+05:30  INFO 24752 --- [main] org.hibernate.cfg.Environment            : HHH000406: Using bytecode reflection optimizer
2024-02-01T20:13:36.783+05:30  INFO 24752 --- [main] o.s.o.j.p.SpringPersistenceUnitInfo      : No LoadTimeWeaver setup: ignoring JPA class transformer
2024-02-01T20:13:36.830+05:30  INFO 24752 --- [main] com.zaxxer.hikari.HikariDataSource       : HikariPool-1 - Starting...
2024-02-01T20:13:37.408+05:30  INFO 24752 --- [main] com.zaxxer.hikari.pool.HikariPool        : HikariPool-1 - Added connection com.mysql.cj.jdbc.ConnectionImpl@5341e71a
2024-02-01T20:13:37.411+05:30  INFO 24752 --- [main] com.zaxxer.hikari.HikariDataSource       : HikariPool-1 - Start completed.
2024-02-01T20:13:38.880+05:30  INFO 24752 --- [main] o.h.e.t.j.p.i.JtaPlatformInitiator       : HHH000489: No JTA platform available (set 'hibernate.transaction.jta.platform' to enable JTA platform integration)
2024-02-01T20:13:38.942+05:30  INFO 24752 --- [main] j.LocalContainerEntityManagerFactoryBean : Initialized JPA EntityManagerFactory for persistence unit 'default'
2024-02-01T20:13:39.429+05:30  INFO 24752 --- [main] o.s.d.j.r.query.QueryEnhancerFactory     : Hibernate is in classpath; If applicable, HQL parser will be used.
2024-02-01T20:13:40.248+05:30  WARN 24752 --- [main] JpaBaseConfiguration$JpaWebConfiguration : spring.jpa.open-in-view is enabled by default. Therefore, database queries may be performed during view rendering. Explicitly configure spring.jpa.open-in-view to disable this warning
2024-02-01T20:13:41.454+05:30  INFO 24752 --- [main] c.h.s.service.CertificateServiceImpTest  : Started CertificateServiceImpTest in 8.519 seconds (process running for 9.919)
2024-02-01T20:13:42.955+05:30  INFO 24752 --- [SpringApplicationShutdownHook] j.LocalContainerEntityManagerFactoryBean : Closing JPA EntityManagerFactory for persistence unit 'default'
2024-02-01T20:13:42.960+05:30  INFO 24752 --- [SpringApplicationShutdownHook] com.zaxxer.hikari.HikariDataSource       : HikariPool-1 - Shutdown initiated...
2024-02-01T20:13:42.976+05:30  INFO 24752 --- [SpringApplicationShutdownHook] com.zaxxer.hikari.HikariDataSource       : HikariPool-1 - Shutdown completed.
2024-02-01T20:14:03.860+05:30  INFO 7856 --- [main] c.h.s.service.CertificateServiceImpTest  : Starting CertificateServiceImpTest using Java 17.0.9 with PID 7856 (started by harsh in D:\Java STS Workspace\spring-data-jpa-assignment)
2024-02-01T20:14:03.866+05:30  INFO 7856 --- [main] c.h.s.service.CertificateServiceImpTest  : No active profile set, falling back to 1 default profile: "default"
2024-02-01T20:14:06.733+05:30  INFO 7856 --- [main] .s.d.r.c.RepositoryConfigurationDelegate : Bootstrapping Spring Data JPA repositories in DEFAULT mode.
2024-02-01T20:14:06.863+05:30  INFO 7856 --- [main] .s.d.r.c.RepositoryConfigurationDelegate : Finished Spring Data repository scanning in 108 ms. Found 1 JPA repository interface.
2024-02-01T20:14:08.313+05:30  INFO 7856 --- [main] o.hibernate.jpa.internal.util.LogHelper  : HHH000204: Processing PersistenceUnitInfo [name: default]
2024-02-01T20:14:08.446+05:30  INFO 7856 --- [main] org.hibernate.Version                    : HHH000412: Hibernate ORM core version 6.2.20.Final
2024-02-01T20:14:08.452+05:30  INFO 7856 --- [main] org.hibernate.cfg.Environment            : HHH000406: Using bytecode reflection optimizer
2024-02-01T20:14:09.452+05:30  INFO 7856 --- [main] o.s.o.j.p.SpringPersistenceUnitInfo      : No LoadTimeWeaver setup: ignoring JPA class transformer
2024-02-01T20:14:09.523+05:30  INFO 7856 --- [main] com.zaxxer.hikari.HikariDataSource       : HikariPool-1 - Starting...
2024-02-01T20:14:10.173+05:30  INFO 7856 --- [main] com.zaxxer.hikari.pool.HikariPool        : HikariPool-1 - Added connection com.mysql.cj.jdbc.ConnectionImpl@3355168
2024-02-01T20:14:10.178+05:30  INFO 7856 --- [main] com.zaxxer.hikari.HikariDataSource       : HikariPool-1 - Start completed.
2024-02-01T20:14:11.840+05:30  INFO 7856 --- [main] o.h.e.t.j.p.i.JtaPlatformInitiator       : HHH000489: No JTA platform available (set 'hibernate.transaction.jta.platform' to enable JTA platform integration)
2024-02-01T20:14:11.931+05:30  INFO 7856 --- [main] j.LocalContainerEntityManagerFactoryBean : Initialized JPA EntityManagerFactory for persistence unit 'default'
2024-02-01T20:14:12.759+05:30  INFO 7856 --- [main] o.s.d.j.r.query.QueryEnhancerFactory     : Hibernate is in classpath; If applicable, HQL parser will be used.
2024-02-01T20:14:13.742+05:30  WARN 7856 --- [main] JpaBaseConfiguration$JpaWebConfiguration : spring.jpa.open-in-view is enabled by default. Therefore, database queries may be performed during view rendering. Explicitly configure spring.jpa.open-in-view to disable this warning
2024-02-01T20:14:15.250+05:30  INFO 7856 --- [main] c.h.s.service.CertificateServiceImpTest  : Started CertificateServiceImpTest in 12.094 seconds (process running for 13.556)
2024-02-01T20:14:16.513+05:30  INFO 7856 --- [SpringApplicationShutdownHook] j.LocalContainerEntityManagerFactoryBean : Closing JPA EntityManagerFactory for persistence unit 'default'
2024-02-01T20:14:16.517+05:30  INFO 7856 --- [SpringApplicationShutdownHook] com.zaxxer.hikari.HikariDataSource       : HikariPool-1 - Shutdown initiated...
2024-02-01T20:14:16.531+05:30  INFO 7856 --- [SpringApplicationShutdownHook] com.zaxxer.hikari.HikariDataSource       : HikariPool-1 - Shutdown completed.
2024-02-01T20:14:27.369+05:30  INFO 9316 --- [main] c.h.s.service.CertificateServiceImpTest  : Starting CertificateServiceImpTest using Java 17.0.9 with PID 9316 (started by harsh in D:\Java STS Workspace\spring-data-jpa-assignment)
2024-02-01T20:14:27.376+05:30  INFO 9316 --- [main] c.h.s.service.CertificateServiceImpTest  : No active profile set, falling back to 1 default profile: "default"
2024-02-01T20:14:29.000+05:30  INFO 9316 --- [main] .s.d.r.c.RepositoryConfigurationDelegate : Bootstrapping Spring Data JPA repositories in DEFAULT mode.
2024-02-01T20:14:29.154+05:30  INFO 9316 --- [main] .s.d.r.c.RepositoryConfigurationDelegate : Finished Spring Data repository scanning in 125 ms. Found 1 JPA repository interface.
2024-02-01T20:14:30.018+05:30  INFO 9316 --- [main] o.hibernate.jpa.internal.util.LogHelper  : HHH000204: Processing PersistenceUnitInfo [name: default]
2024-02-01T20:14:30.118+05:30  INFO 9316 --- [main] org.hibernate.Version                    : HHH000412: Hibernate ORM core version 6.2.20.Final
2024-02-01T20:14:30.127+05:30  INFO 9316 --- [main] org.hibernate.cfg.Environment            : HHH000406: Using bytecode reflection optimizer
2024-02-01T20:14:30.831+05:30  INFO 9316 --- [main] o.s.o.j.p.SpringPersistenceUnitInfo      : No LoadTimeWeaver setup: ignoring JPA class transformer
2024-02-01T20:14:30.900+05:30  INFO 9316 --- [main] com.zaxxer.hikari.HikariDataSource       : HikariPool-1 - Starting...
2024-02-01T20:14:31.481+05:30  INFO 9316 --- [main] com.zaxxer.hikari.pool.HikariPool        : HikariPool-1 - Added connection com.mysql.cj.jdbc.ConnectionImpl@405d8a80
2024-02-01T20:14:31.486+05:30  INFO 9316 --- [main] com.zaxxer.hikari.HikariDataSource       : HikariPool-1 - Start completed.
2024-02-01T20:14:33.115+05:30  INFO 9316 --- [main] o.h.e.t.j.p.i.JtaPlatformInitiator       : HHH000489: No JTA platform available (set 'hibernate.transaction.jta.platform' to enable JTA platform integration)
2024-02-01T20:14:33.191+05:30  INFO 9316 --- [main] j.LocalContainerEntityManagerFactoryBean : Initialized JPA EntityManagerFactory for persistence unit 'default'
2024-02-01T20:14:33.844+05:30  INFO 9316 --- [main] o.s.d.j.r.query.QueryEnhancerFactory     : Hibernate is in classpath; If applicable, HQL parser will be used.
2024-02-01T20:14:34.917+05:30  WARN 9316 --- [main] JpaBaseConfiguration$JpaWebConfiguration : spring.jpa.open-in-view is enabled by default. Therefore, database queries may be performed during view rendering. Explicitly configure spring.jpa.open-in-view to disable this warning
2024-02-01T20:14:36.501+05:30  INFO 9316 --- [main] c.h.s.service.CertificateServiceImpTest  : Started CertificateServiceImpTest in 9.753 seconds (process running for 11.31)
2024-02-01T20:14:37.619+05:30  INFO 9316 --- [SpringApplicationShutdownHook] j.LocalContainerEntityManagerFactoryBean : Closing JPA EntityManagerFactory for persistence unit 'default'
2024-02-01T20:14:37.623+05:30  INFO 9316 --- [SpringApplicationShutdownHook] com.zaxxer.hikari.HikariDataSource       : HikariPool-1 - Shutdown initiated...
2024-02-01T20:14:37.641+05:30  INFO 9316 --- [SpringApplicationShutdownHook] com.zaxxer.hikari.HikariDataSource       : HikariPool-1 - Shutdown completed.
2024-02-01T20:15:17.490+05:30  INFO 27836 --- [main] c.h.s.service.CertificateServiceImpTest  : Starting CertificateServiceImpTest using Java 17.0.9 with PID 27836 (started by harsh in D:\Java STS Workspace\spring-data-jpa-assignment)
2024-02-01T20:15:17.492+05:30  INFO 27836 --- [main] c.h.s.service.CertificateServiceImpTest  : No active profile set, falling back to 1 default profile: "default"
2024-02-01T20:15:18.995+05:30  INFO 27836 --- [main] .s.d.r.c.RepositoryConfigurationDelegate : Bootstrapping Spring Data JPA repositories in DEFAULT mode.
2024-02-01T20:15:19.142+05:30  INFO 27836 --- [main] .s.d.r.c.RepositoryConfigurationDelegate : Finished Spring Data repository scanning in 123 ms. Found 1 JPA repository interface.
2024-02-01T20:15:20.013+05:30  INFO 27836 --- [main] o.hibernate.jpa.internal.util.LogHelper  : HHH000204: Processing PersistenceUnitInfo [name: default]
2024-02-01T20:15:20.126+05:30  INFO 27836 --- [main] org.hibernate.Version                    : HHH000412: Hibernate ORM core version 6.2.20.Final
2024-02-01T20:15:20.133+05:30  INFO 27836 --- [main] org.hibernate.cfg.Environment            : HHH000406: Using bytecode reflection optimizer
2024-02-01T20:15:20.863+05:30  INFO 27836 --- [main] o.s.o.j.p.SpringPersistenceUnitInfo      : No LoadTimeWeaver setup: ignoring JPA class transformer
2024-02-01T20:15:20.918+05:30  INFO 27836 --- [main] com.zaxxer.hikari.HikariDataSource       : HikariPool-1 - Starting...
2024-02-01T20:15:21.513+05:30  INFO 27836 --- [main] com.zaxxer.hikari.pool.HikariPool        : HikariPool-1 - Added connection com.mysql.cj.jdbc.ConnectionImpl@59d5c537
2024-02-01T20:15:21.516+05:30  INFO 27836 --- [main] com.zaxxer.hikari.HikariDataSource       : HikariPool-1 - Start completed.
2024-02-01T20:15:23.051+05:30  INFO 27836 --- [main] o.h.e.t.j.p.i.JtaPlatformInitiator       : HHH000489: No JTA platform available (set 'hibernate.transaction.jta.platform' to enable JTA platform integration)
2024-02-01T20:15:23.127+05:30  INFO 27836 --- [main] j.LocalContainerEntityManagerFactoryBean : Initialized JPA EntityManagerFactory for persistence unit 'default'
2024-02-01T20:15:23.646+05:30  INFO 27836 --- [main] o.s.d.j.r.query.QueryEnhancerFactory     : Hibernate is in classpath; If applicable, HQL parser will be used.
2024-02-01T20:15:24.567+05:30  WARN 27836 --- [main] JpaBaseConfiguration$JpaWebConfiguration : spring.jpa.open-in-view is enabled by default. Therefore, database queries may be performed during view rendering. Explicitly configure spring.jpa.open-in-view to disable this warning
2024-02-01T20:15:25.981+05:30  INFO 27836 --- [main] c.h.s.service.CertificateServiceImpTest  : Started CertificateServiceImpTest in 9.202 seconds (process running for 10.75)
2024-02-01T20:15:27.133+05:30  INFO 27836 --- [SpringApplicationShutdownHook] j.LocalContainerEntityManagerFactoryBean : Closing JPA EntityManagerFactory for persistence unit 'default'
2024-02-01T20:15:27.140+05:30  INFO 27836 --- [SpringApplicationShutdownHook] com.zaxxer.hikari.HikariDataSource       : HikariPool-1 - Shutdown initiated...
2024-02-01T20:15:27.157+05:30  INFO 27836 --- [SpringApplicationShutdownHook] com.zaxxer.hikari.HikariDataSource       : HikariPool-1 - Shutdown completed.
2024-02-01T20:15:58.483+05:30  INFO 3088 --- [main] c.h.s.service.CertificateServiceImpTest  : Starting CertificateServiceImpTest using Java 17.0.9 with PID 3088 (started by harsh in D:\Java STS Workspace\spring-data-jpa-assignment)
2024-02-01T20:15:58.486+05:30  INFO 3088 --- [main] c.h.s.service.CertificateServiceImpTest  : No active profile set, falling back to 1 default profile: "default"
2024-02-01T20:15:59.914+05:30  INFO 3088 --- [main] .s.d.r.c.RepositoryConfigurationDelegate : Bootstrapping Spring Data JPA repositories in DEFAULT mode.
2024-02-01T20:16:00.016+05:30  INFO 3088 --- [main] .s.d.r.c.RepositoryConfigurationDelegate : Finished Spring Data repository scanning in 92 ms. Found 1 JPA repository interface.
2024-02-01T20:16:00.905+05:30  INFO 3088 --- [main] o.hibernate.jpa.internal.util.LogHelper  : HHH000204: Processing PersistenceUnitInfo [name: default]
2024-02-01T20:16:01.035+05:30  INFO 3088 --- [main] org.hibernate.Version                    : HHH000412: Hibernate ORM core version 6.2.20.Final
2024-02-01T20:16:01.044+05:30  INFO 3088 --- [main] org.hibernate.cfg.Environment            : HHH000406: Using bytecode reflection optimizer
2024-02-01T20:16:01.753+05:30  INFO 3088 --- [main] o.s.o.j.p.SpringPersistenceUnitInfo      : No LoadTimeWeaver setup: ignoring JPA class transformer
2024-02-01T20:16:01.805+05:30  INFO 3088 --- [main] com.zaxxer.hikari.HikariDataSource       : HikariPool-1 - Starting...
2024-02-01T20:16:02.436+05:30  INFO 3088 --- [main] com.zaxxer.hikari.pool.HikariPool        : HikariPool-1 - Added connection com.mysql.cj.jdbc.ConnectionImpl@5341e71a
2024-02-01T20:16:02.440+05:30  INFO 3088 --- [main] com.zaxxer.hikari.HikariDataSource       : HikariPool-1 - Start completed.
2024-02-01T20:16:03.898+05:30  INFO 3088 --- [main] o.h.e.t.j.p.i.JtaPlatformInitiator       : HHH000489: No JTA platform available (set 'hibernate.transaction.jta.platform' to enable JTA platform integration)
2024-02-01T20:16:03.959+05:30  INFO 3088 --- [main] j.LocalContainerEntityManagerFactoryBean : Initialized JPA EntityManagerFactory for persistence unit 'default'
2024-02-01T20:16:04.650+05:30  INFO 3088 --- [main] o.s.d.j.r.query.QueryEnhancerFactory     : Hibernate is in classpath; If applicable, HQL parser will be used.
2024-02-01T20:16:05.634+05:30  WARN 3088 --- [main] JpaBaseConfiguration$JpaWebConfiguration : spring.jpa.open-in-view is enabled by default. Therefore, database queries may be performed during view rendering. Explicitly configure spring.jpa.open-in-view to disable this warning
2024-02-01T20:16:07.014+05:30  INFO 3088 --- [main] c.h.s.service.CertificateServiceImpTest  : Started CertificateServiceImpTest in 9.081 seconds (process running for 10.574)
2024-02-01T20:16:08.042+05:30  INFO 3088 --- [SpringApplicationShutdownHook] j.LocalContainerEntityManagerFactoryBean : Closing JPA EntityManagerFactory for persistence unit 'default'
2024-02-01T20:16:08.046+05:30  INFO 3088 --- [SpringApplicationShutdownHook] com.zaxxer.hikari.HikariDataSource       : HikariPool-1 - Shutdown initiated...
2024-02-01T20:16:08.060+05:30  INFO 3088 --- [SpringApplicationShutdownHook] com.zaxxer.hikari.HikariDataSource       : HikariPool-1 - Shutdown completed.
2024-02-01T20:31:43.809+05:30  INFO 10340 --- [RMI TCP Connection(36)-127.0.0.1] inMXBeanRegistrar$SpringApplicationAdmin : Application shutdown requested.
2024-02-01T20:31:43.866+05:30  INFO 10340 --- [RMI TCP Connection(36)-127.0.0.1] o.apache.catalina.core.StandardService   : Stopping service [Tomcat]
2024-02-01T20:31:43.896+05:30  INFO 10340 --- [RMI TCP Connection(36)-127.0.0.1] j.LocalContainerEntityManagerFactoryBean : Closing JPA EntityManagerFactory for persistence unit 'default'
2024-02-01T20:31:43.904+05:30  INFO 10340 --- [RMI TCP Connection(36)-127.0.0.1] com.zaxxer.hikari.HikariDataSource       : HikariPool-1 - Shutdown initiated...
2024-02-01T20:31:43.929+05:30  INFO 10340 --- [RMI TCP Connection(36)-127.0.0.1] com.zaxxer.hikari.HikariDataSource       : HikariPool-1 - Shutdown completed.
2024-02-01T20:31:46.541+05:30  INFO 27964 --- [main] c.h.s.SpringDataJpaAssignmentApplication : Starting SpringDataJpaAssignmentApplication using Java 17.0.9 with PID 27964 (D:\Java STS Workspace\spring-data-jpa-assignment\target\classes started by harsh in D:\Java STS Workspace\spring-data-jpa-assignment)
2024-02-01T20:31:46.546+05:30  INFO 27964 --- [main] c.h.s.SpringDataJpaAssignmentApplication : No active profile set, falling back to 1 default profile: "default"
2024-02-01T20:31:47.396+05:30  INFO 27964 --- [main] .s.d.r.c.RepositoryConfigurationDelegate : Bootstrapping Spring Data JPA repositories in DEFAULT mode.
2024-02-01T20:31:47.460+05:30  INFO 27964 --- [main] .s.d.r.c.RepositoryConfigurationDelegate : Finished Spring Data repository scanning in 54 ms. Found 1 JPA repository interface.
2024-02-01T20:31:48.008+05:30  INFO 27964 --- [main] o.s.b.w.embedded.tomcat.TomcatWebServer  : Tomcat initialized with port(s): 8080 (http)
2024-02-01T20:31:48.018+05:30  INFO 27964 --- [main] o.apache.catalina.core.StandardService   : Starting service [Tomcat]
2024-02-01T20:31:48.018+05:30  INFO 27964 --- [main] o.apache.catalina.core.StandardEngine    : Starting Servlet engine: [Apache Tomcat/10.1.18]
2024-02-01T20:31:48.143+05:30  INFO 27964 --- [main] o.a.c.c.C.[Tomcat].[localhost].[/]       : Initializing Spring embedded WebApplicationContext
2024-02-01T20:31:48.144+05:30  INFO 27964 --- [main] w.s.c.ServletWebServerApplicationContext : Root WebApplicationContext: initialization completed in 1532 ms
2024-02-01T20:31:48.290+05:30  INFO 27964 --- [main] o.hibernate.jpa.internal.util.LogHelper  : HHH000204: Processing PersistenceUnitInfo [name: default]
2024-02-01T20:31:48.353+05:30  INFO 27964 --- [main] org.hibernate.Version                    : HHH000412: Hibernate ORM core version 6.2.20.Final
2024-02-01T20:31:48.356+05:30  INFO 27964 --- [main] org.hibernate.cfg.Environment            : HHH000406: Using bytecode reflection optimizer
2024-02-01T20:31:48.626+05:30  INFO 27964 --- [main] o.s.o.j.p.SpringPersistenceUnitInfo      : No LoadTimeWeaver setup: ignoring JPA class transformer
2024-02-01T20:31:48.655+05:30  INFO 27964 --- [main] com.zaxxer.hikari.HikariDataSource       : HikariPool-1 - Starting...
2024-02-01T20:31:49.016+05:30  INFO 27964 --- [main] com.zaxxer.hikari.pool.HikariPool        : HikariPool-1 - Added connection com.mysql.cj.jdbc.ConnectionImpl@302da330
2024-02-01T20:31:49.018+05:30  INFO 27964 --- [main] com.zaxxer.hikari.HikariDataSource       : HikariPool-1 - Start completed.
2024-02-01T20:31:50.078+05:30  INFO 27964 --- [main] o.h.e.t.j.p.i.JtaPlatformInitiator       : HHH000489: No JTA platform available (set 'hibernate.transaction.jta.platform' to enable JTA platform integration)
2024-02-01T20:31:50.131+05:30  INFO 27964 --- [main] j.LocalContainerEntityManagerFactoryBean : Initialized JPA EntityManagerFactory for persistence unit 'default'
2024-02-01T20:31:50.451+05:30  INFO 27964 --- [main] o.s.d.j.r.query.QueryEnhancerFactory     : Hibernate is in classpath; If applicable, HQL parser will be used.
2024-02-01T20:31:50.923+05:30  WARN 27964 --- [main] JpaBaseConfiguration$JpaWebConfiguration : spring.jpa.open-in-view is enabled by default. Therefore, database queries may be performed during view rendering. Explicitly configure spring.jpa.open-in-view to disable this warning
2024-02-01T20:31:51.727+05:30  INFO 27964 --- [main] o.s.b.w.embedded.tomcat.TomcatWebServer  : Tomcat started on port(s): 8080 (http) with context path ''
2024-02-01T20:31:51.737+05:30  INFO 27964 --- [main] c.h.s.SpringDataJpaAssignmentApplication : Started SpringDataJpaAssignmentApplication in 5.733 seconds (process running for 6.656)
2024-02-01T20:32:02.275+05:30  INFO 27964 --- [http-nio-8080-exec-1] o.a.c.c.C.[Tomcat].[localhost].[/]       : Initializing Spring DispatcherServlet 'dispatcherServlet'
2024-02-01T20:32:02.275+05:30  INFO 27964 --- [http-nio-8080-exec-1] o.s.web.servlet.DispatcherServlet        : Initializing Servlet 'dispatcherServlet'
2024-02-01T20:32:02.277+05:30  INFO 27964 --- [http-nio-8080-exec-1] o.s.web.servlet.DispatcherServlet        : Completed initialization in 1 ms
2024-02-01T20:32:04.280+05:30  INFO 27964 --- [http-nio-8080-exec-4] o.springdoc.api.AbstractOpenApiResource  : Init duration for springdoc-openapi is: 360 ms
2024-02-01T20:32:25.904+05:30  INFO 27964 --- [http-nio-8080-exec-5] c.h.s.r.CertificateRestContoller         : get all from rest controller
2024-02-01T20:32:25.911+05:30  INFO 27964 --- [http-nio-8080-exec-5] c.h.s.service.CertificateServiceImp      : select all from service impl
2024-02-01T20:32:55.159+05:30  INFO 27964 --- [http-nio-8080-exec-6] c.h.s.service.CertificateServiceImp      : select by id from service impl
2024-02-01T20:32:55.180+05:30  INFO 27964 --- [http-nio-8080-exec-6] c.h.s.r.CertificateRestContoller         : get by id from rest controller
2024-02-01T20:33:54.313+05:30  INFO 27964 --- [http-nio-8080-exec-8] c.h.s.r.CertificateRestContoller         : delete by id from rest controller
